[1218/161257.567:ERROR:process_info.cc(329)] VirtualQueryEx: Access is denied. (0x5)
[1218/161257.567:ERROR:process_info.cc(556)] ReadMemoryInfo failed
[1218/161257.567:ERROR:process_memory_win.cc(39)] Failed to initialize ProcessInfo.
[1218/161257.568:ERROR:scoped_process_suspend.cc(40)] NtResumeProcess: An attempt was made to access an exiting process. (0xc000010a)
[1219/100043.708:ERROR:process_reader_win.cc(151)] SuspendThread: Access is denied. (0x5)
[1219/100043.711:ERROR:process_reader_win.cc(151)] SuspendThread: Access is denied. (0x5)
[1219/100043.711:ERROR:exception_snapshot_win.cc(98)] thread ID 10116 not found in process
[1219/100139.205:ERROR:process_info.cc(329)] VirtualQueryEx: Access is denied. (0x5)
[1219/100139.206:ERROR:process_info.cc(556)] ReadMemoryInfo failed
[1219/100139.206:ERROR:scoped_process_suspend.cc(40)] NtResumeProcess: An attempt was made to access an exiting process. (0xc000010a)
[1219/120623.860:ERROR:process_reader_win.cc(151)] SuspendThread: Access is denied. (0x5)
[1219/120623.860:ERROR:exception_snapshot_win.cc(98)] thread ID 19236 not found in process
[1219/120623.860:ERROR:scoped_process_suspend.cc(40)] NtResumeProcess: An attempt was made to access an exiting process. (0xc000010a)
[1219/142035.968:ERROR:process_reader_win.cc(151)] SuspendThread: Access is denied. (0x5)
[1219/142035.970:ERROR:process_reader_win.cc(151)] SuspendThread: Access is denied. (0x5)
[1219/142035.970:ERROR:exception_snapshot_win.cc(98)] thread ID 14808 not found in process
[1219/154727.082:ERROR:process_reader_win.cc(151)] SuspendThread: Access is denied. (0x5)
[1219/154727.083:ERROR:process_reader_win.cc(151)] SuspendThread: Access is denied. (0x5)
[1219/154727.083:ERROR:exception_snapshot_win.cc(98)] thread ID 24012 not found in process
[1220/171615.001:ERROR:process_reader_win.cc(151)] SuspendThread: Access is denied. (0x5)
[1220/171615.002:ERROR:exception_snapshot_win.cc(98)] thread ID 22272 not found in process
[1220/171615.003:ERROR:scoped_process_suspend.cc(40)] NtResumeProcess: An attempt was made to access an exiting process. (0xc000010a)
[1227/121259.221:ERROR:process_reader_win.cc(151)] SuspendThread: Access is denied. (0x5)
[1227/121259.222:ERROR:exception_snapshot_win.cc(98)] thread ID 10404 not found in process
[1227/121259.222:ERROR:scoped_process_suspend.cc(40)] NtResumeProcess: An attempt was made to access an exiting process. (0xc000010a)
[0102/160751.306:ERROR:process_info.cc(329)] VirtualQueryEx: Access is denied. (0x5)
[0102/160751.307:ERROR:process_info.cc(556)] ReadMemoryInfo failed
[0102/160751.307:ERROR:scoped_process_suspend.cc(40)] NtResumeProcess: An attempt was made to access an exiting process. (0xc000010a)
[0122/114534.373:ERROR:process_info.cc(329)] VirtualQueryEx: Access is denied. (0x5)
[0122/114534.374:ERROR:process_info.cc(556)] ReadMemoryInfo failed
[0122/114534.374:ERROR:process_memory_win.cc(39)] Failed to initialize ProcessInfo.
[0122/114534.374:ERROR:scoped_process_suspend.cc(40)] NtResumeProcess: An attempt was made to access an exiting process. (0xc000010a)
